2024-03-23 08:28:07.809 INFO  (main) [c: s: r: x: t:] o.e.j.s.Server jetty-10.0.19; built: 2023-12-15T20:38:32.477Z; git: 8492d1c78f122bb30cce20aecfa07e7283facd47; jvm 17.0.7+7-LTS
2024-03-23 08:28:08.293 WARN  (main) [c: s: r: x: t:] o.e.j.u.DeprecationWarning Using @Deprecated Class org.eclipse.jetty.servlet.listener.ELContextCleaner
2024-03-23 08:28:08.341 INFO  (main) [c: s: r: x: t:] o.a.s.s.CoreContainerProvider Using logger factory org.apache.logging.slf4j.Log4jLoggerFactory
2024-03-23 08:28:08.353 INFO  (main) [c: s: r: x: t:] o.a.s.s.CoreContainerProvider  ___      _       Welcome to Apache Solr™ version 9.5.0
2024-03-23 08:28:08.353 INFO  (main) [c: s: r: x: t:] o.a.s.s.CoreContainerProvider / __| ___| |_ _   Starting in standalone mode on port 8983
2024-03-23 08:28:08.353 INFO  (main) [c: s: r: x: t:] o.a.s.s.CoreContainerProvider \__ \/ _ \ | '_|  Install dir: /Users/Hanna_Kurhuzenkava/Projects/Tools/solr-9.5.0
2024-03-23 08:28:08.353 INFO  (main) [c: s: r: x: t:] o.a.s.s.CoreContainerProvider |___/\___/_|_|    Start time: 2024-03-23T08:28:08.353685Z
2024-03-23 08:28:08.357 INFO  (main) [c: s: r: x: t:] o.a.s.s.CoreContainerProvider Solr started with "-XX:+CrashOnOutOfMemoryError" that will crash on any OutOfMemoryError exception. The cause of the OOME will be logged in the crash file at the following path: /Users/Hanna_Kurhuzenkava/Projects/Tools/solr-9.5.0/server/logs/jvm_crash_35986.log
2024-03-23 08:28:08.401 INFO  (main) [c: s: r: x: t:] o.a.s.s.CoreContainerProvider Solr Home: /Users/Hanna_Kurhuzenkava/Projects/Tools/solr-9.5.0/server/solr (source: system property: solr.solr.home)
2024-03-23 08:28:08.434 INFO  (main) [c: s: r: x: t:] o.a.s.c.SolrXmlConfig Loading solr.xml from /Users/Hanna_Kurhuzenkava/Projects/Tools/solr-9.5.0/server/solr/solr.xml
2024-03-23 08:28:08.495 INFO  (main) [c: s: r: x: t:] o.a.s.c.SolrResourceLoader Added 1 libs to classloader, from paths: [/Users/Hanna_Kurhuzenkava/Projects/Tools/solr-9.5.0/lib]
2024-03-23 08:28:09.618 INFO  (main) [c: s: r: x: t:] o.a.s.u.t.SimplePropagator Always-on trace id generation enabled.
2024-03-23 08:28:09.947 WARN  (main) [c: s: r: x: t:] o.a.s.u.StartupLoggingUtils Jetty request logging enabled. Will retain logs for last 3 days. See chapter "Configuring Logging" in reference guide for how to configure.
2024-03-23 08:28:09.950 WARN  (main) [c: s: r: x: t:] o.a.s.c.CoreContainer Not all security plugins configured!  authentication=disabled authorization=disabled.  Solr is only as secure as you make it. Consider configuring authentication/authorization before exposing Solr to users internal or external.  See https://s.apache.org/solrsecurity for more info
2024-03-23 08:28:10.180 INFO  (main) [c: s: r: x: t:] o.a.s.c.CorePropertiesLocator Found 0 core definitions underneath /Users/Hanna_Kurhuzenkava/Projects/Tools/solr-9.5.0/server/solr
2024-03-23 08:28:10.442 WARN  (main) [c: s: r: x: t:] o.g.j.m.i.MessagingBinders A class jakarta.activation.DataSource for a default provider MessageBodyWriter<jakarta.activation.DataSource> was not found. The provider is not available.
2024-03-23 08:28:10.772 INFO  (main) [c: s: r: x: t:] o.a.s.j.SolrRequestAuthorizer Creating a new SolrRequestAuthorizer
2024-03-23 08:28:10.912 INFO  (main) [c: s: r: x: t:] o.e.j.s.h.ContextHandler Started o.e.j.w.WebAppContext@5922ae77{solr-jetty-context.xml,/solr,file:///Users/Hanna_Kurhuzenkava/Projects/Tools/solr-9.5.0/server/solr-webapp/webapp/,AVAILABLE}{/Users/Hanna_Kurhuzenkava/Projects/Tools/solr-9.5.0/server/solr-webapp/webapp}
2024-03-23 08:28:10.920 INFO  (main) [c: s: r: x: t:] o.e.j.s.RequestLogWriter Opened /Users/Hanna_Kurhuzenkava/Projects/Tools/solr-9.5.0/server/logs/2024_03_23.request.log
2024-03-23 08:28:10.925 INFO  (main) [c: s: r: x: t:] o.e.j.s.AbstractConnector Started ServerConnector@4fc5e095{HTTP/1.1, (http/1.1, h2c)}{127.0.0.1:8983}
2024-03-23 08:28:10.927 INFO  (main) [c: s: r: x: t:] o.e.j.s.Server Started Server@71984c3{STARTING}[10.0.19,sto=0] @8789ms
2024-03-23 08:28:34.323 INFO  (qtp941836856-43-localhost-3) [c: s: r: x: t:localhost-3] o.a.s.s.HttpSolrCall [admin] webapp=null path=/admin/cores params={indexInfo=false&wt=json&_=1711182514049} status=0 QTime=73
2024-03-23 08:28:34.333 INFO  (qtp941836856-41-localhost-2) [c: s: r: x: t:localhost-2] o.a.s.s.HttpSolrCall [admin] webapp=null path=/admin/info/system params={wt=json&_=1711182514049} status=0 QTime=87
2024-03-23 08:28:34.365 INFO  (qtp941836856-23-localhost-4) [c: s: r: x: t:localhost-4] o.a.s.s.HttpSolrCall [admin] webapp=null path=/admin/info/system params={wt=json&_=1711182514049} status=0 QTime=3
2024-03-23 08:37:02.753 INFO  (ShutdownMonitor) [c: s: r: x: t:] o.e.j.s.Server Stopped Server@71984c3{STOPPING}[10.0.19,sto=0]
2024-03-23 08:37:02.756 INFO  (ShutdownMonitor) [c: s: r: x: t:] o.e.j.s.AbstractConnector Stopped ServerConnector@4fc5e095{HTTP/1.1, (http/1.1, h2c)}{127.0.0.1:8983}
2024-03-23 08:37:02.769 INFO  (ShutdownMonitor) [c: s: r: x: t:] o.a.s.c.CoreContainer Shutting down CoreContainer instance=1240328647
2024-03-23 08:37:02.770 INFO  (ShutdownMonitor) [c: s: r: x: t:] o.a.s.m.SolrMetricManager Closing metric reporters for registry=solr.node tag=null
2024-03-23 08:37:02.783 INFO  (ShutdownMonitor) [c: s: r: x: t:] o.a.s.m.SolrMetricManager Closing metric reporters for registry=solr.jvm tag=null
2024-03-23 08:37:02.792 INFO  (ShutdownMonitor) [c: s: r: x: t:] o.a.s.m.SolrMetricManager Closing metric reporters for registry=solr.jetty tag=null
2024-03-23 08:37:02.802 INFO  (ShutdownMonitor) [c: s: r: x: t:] o.e.j.s.h.ContextHandler Stopped o.e.j.w.WebAppContext@5922ae77{solr-jetty-context.xml,/solr,file:///Users/Hanna_Kurhuzenkava/Projects/Tools/solr-9.5.0/server/solr-webapp/webapp/,STOPPED}{/Users/Hanna_Kurhuzenkava/Projects/Tools/solr-9.5.0/server/solr-webapp/webapp}
